INFO:root:This message will be logged to example.log
INFO:werkzeug:127.0.0.1 - - [12/May/2023 17:34:45] "GET / HTTP/1.1" 200 -
INFO:werkzeug:127.0.0.1 - - [12/May/2023 17:34:45] "GET /static/js/logic.js HTTP/1.1" 200 -
INFO:werkzeug:127.0.0.1 - - [12/May/2023 17:34:45] "GET /static/css/index.css HTTP/1.1" 200 -
INFO:werkzeug:127.0.0.1 - - [12/May/2023 17:35:08] "[33mGET /favicon.ico HTTP/1.1[0m" 404 -
INFO:werkzeug: * Detected change in 'C:\\Users\\Bahy Ismail\\AppData\\Roaming\\Python\\Python38\\site-packages\\numpy\\__init__.py', reloading
INFO:root:This message will be logged to example.log
INFO:werkzeug:127.0.0.1 - - [12/May/2023 17:40:29] "GET / HTTP/1.1" 200 -
INFO:werkzeug:127.0.0.1 - - [12/May/2023 17:40:29] "[36mGET /static/js/logic.js HTTP/1.1[0m" 304 -
INFO:werkzeug:127.0.0.1 - - [12/May/2023 17:40:29] "GET /static/css/index.css HTTP/1.1" 200 -
INFO:root:The value of iamge 1 is [[232 232 232 ... 219 218 218]
 [232 232 232 ... 218 218 218]
 [232 232 232 ... 217 217 217]
 ...
 [148 148 148 ... 149 150 150]
 [147 147 147 ... 148 149 149]
 [146 146 146 ... 146 147 148]]
INFO:werkzeug:127.0.0.1 - - [12/May/2023 17:40:35] "POST /upload HTTP/1.1" 200 -
INFO:root:The value of iamge 2 is [[0 0 0 ... 0 0 0]
 [0 0 0 ... 0 0 0]
 [0 0 0 ... 0 0 0]
 ...
 [0 0 0 ... 0 0 0]
 [0 0 0 ... 0 0 0]
 [0 0 0 ... 0 0 0]]
INFO:werkzeug:127.0.0.1 - - [12/May/2023 17:40:39] "POST /upload2 HTTP/1.1" 200 -
INFO:root:The value of modified_comp2 is [[255.           9.36488652   8.23897487 ...   4.0770294    8.23897487
    9.36488652]
 [  5.59609508   8.72638806   0.89242129 ...   8.39780346   7.02338043
   12.23602757]
 [ 14.09593333   7.49562732   5.53753642 ...   3.716929     2.36095652
    5.24945038]
 ...
 [ 12.03879058   5.27936848   3.46804838 ...   1.30532298   2.99687612
    3.47169235]
 [ 14.09593333   5.24945038   2.36095652 ...   3.17338486   5.53753642
    7.49562732]
 [  5.59609508  12.23602757   7.02338043 ...   4.15210667   0.89242129
    8.72638806]]
INFO:werkzeug:127.0.0.1 - - [12/May/2023 17:40:42] "POST /mixer HTTP/1.1" 200 -
INFO:werkzeug:127.0.0.1 - - [12/May/2023 17:40:42] "[35m[1mGET /final_image?1683902442248 HTTP/1.1[0m" 500 -
INFO:root:The value of modified_comp2 is [[ 0.         -2.58852498 -1.78646471 ... -0.06937952  1.78646471
   2.58852498]
 [ 0.87499377  2.26450234 -0.63903618 ...  2.12009494 -0.84109483
   1.02689798]
 [-0.79423505  0.92615731  2.98970981 ... -1.22069503 -2.9756116
  -0.13274114]
 ...
 [ 0.87358852  1.84020099 -1.25176627 ...  2.55106109 -1.0187523
   2.22575423]
 [ 0.79423505  0.13274114  2.9756116  ... -0.39276863 -2.98970981
  -0.92615731]
 [-0.87499377 -1.02689798  0.84109483 ...  2.69519518  0.63903618
  -2.26450234]]
INFO:werkzeug:127.0.0.1 - - [12/May/2023 17:40:44] "POST /mixer HTTP/1.1" 200 -
INFO:root:The value of mixed_image is [[110.1486702  110.7926859  120.28410969 ... 101.02404166 100.8190808
  106.24698999]
 [110.62420286 106.43640751 115.20434023 ... 103.41836715 110.48696501
  112.18564539]
 [118.30574698 110.25805669 112.57153327 ... 114.64648653 117.77727441
  116.63674371]
 ...
 [105.69404816 105.66557412 111.37180803 ... 114.69744062 116.26614576
  117.09023517]
 [105.83984581 108.79130777 110.79997915 ... 113.35706196 116.37494267
  113.239586  ]
 [111.48666037 115.7064325  122.35249996 ... 117.26926015 117.50354677
  124.32394177]]
INFO:werkzeug:127.0.0.1 - - [12/May/2023 17:40:45] "GET /final_image?1683902444926 HTTP/1.1" 200 -
INFO:root:The value of modified_comp2 is [[ 0.         -2.58852498 -1.78646471 ... -0.06937952  1.78646471
   2.58852498]
 [ 0.87499377  2.26450234 -0.63903618 ...  2.12009494 -0.84109483
   1.02689798]
 [-0.79423505  0.92615731  2.98970981 ... -1.22069503 -2.9756116
  -0.13274114]
 ...
 [ 0.87358852  1.84020099 -1.25176627 ...  2.55106109 -1.0187523
   2.22575423]
 [ 0.79423505  0.13274114  2.9756116  ... -0.39276863 -2.98970981
  -0.92615731]
 [-0.87499377 -1.02689798  0.84109483 ...  2.69519518  0.63903618
  -2.26450234]]
INFO:werkzeug:127.0.0.1 - - [12/May/2023 17:40:50] "POST /mixer HTTP/1.1" 200 -
INFO:root:The value of mixed_image is [[255.         101.0595042   45.08838008 ...  45.40727112  44.46233554
  100.83051458]
 [ 92.49648664  65.73052211  47.06759015 ...  39.84255732  45.36405426
   64.18303211]
 [ 37.5659186   43.58953942  42.10465627 ...  35.55259711  39.62802255
   41.98990281]
 ...
 [ 39.89948524  36.25020616  34.36549077 ...  32.18357206  35.01201478
   38.44728203]
 [ 36.62805478  43.27416774  40.07476352 ...  35.93783992  42.57218846
   42.62710972]
 [ 92.66224917  64.27018022  45.87135649 ...  41.20817979  48.15117429
   65.81104461]]
INFO:werkzeug:127.0.0.1 - - [12/May/2023 17:40:50] "GET /final_image?1683902449966 HTTP/1.1" 200 -
INFO:werkzeug: * Detected change in 'c:\\Users\\Bahy Ismail\\OneDrive\\Desktop\\task_4\\app.py', reloading
INFO:werkzeug: * Detected change in 'c:\\Users\\Bahy Ismail\\OneDrive\\Desktop\\task_4\\app.py', reloading
INFO:root:This message will be logged to example.log
INFO:werkzeug:127.0.0.1 - - [12/May/2023 17:48:50] "GET / HTTP/1.1" 200 -
INFO:werkzeug:127.0.0.1 - - [12/May/2023 17:48:50] "[36mGET /static/css/index.css HTTP/1.1[0m" 304 -
INFO:werkzeug:127.0.0.1 - - [12/May/2023 17:48:50] "[36mGET /static/js/logic.js HTTP/1.1[0m" 304 -
INFO:root:This message will be logged to example.log
INFO:werkzeug:127.0.0.1 - - [12/May/2023 17:49:11] "GET / HTTP/1.1" 200 -
INFO:werkzeug:127.0.0.1 - - [12/May/2023 17:49:11] "[36mGET /static/js/logic.js HTTP/1.1[0m" 304 -
INFO:werkzeug:127.0.0.1 - - [12/May/2023 17:49:11] "[36mGET /static/css/index.css HTTP/1.1[0m" 304 -
